Arguments: 
  C:\Program Files\nodejs\node.exe C:\Users\Pierre Cazeneuve\AppData\Roaming\npm\node_modules\yarn\bin\yarn.js install

PATH: 
  C:\Program Files\Common Files\Oracle\Java\javapath;C:\Windows\system32;C:\Windows;C:\Windows\System32\Wbem;C:\Windows\System32\WindowsPowerShell\v1.0\;C:\Windows\System32\OpenSSH\;C:\Users\Pierre Cazeneuve\AppData\Roaming\nvm;C:\Program Files\nodejs;C:\Program Files\Git\cmd;C:\Program Files\dotnet\;C:\Program Files\Microsoft SQL Server\Client SDK\ODBC\170\Tools\Binn\;C:\Program Files (x86)\Microsoft SQL Server\150\Tools\Binn\;C:\Program Files\Microsoft SQL Server\150\Tools\Binn\;C:\Program Files\Microsoft SQL Server\150\DTS\Binn\;C:\Program Files (x86)\Microsoft SQL Server\150\DTS\Binn\;C:\Program Files\Azure Data Studio\bin;C:\Users\Pierre Cazeneuve\AppData\Local\Programs\Python\Python310\Scripts\;C:\Users\Pierre Cazeneuve\AppData\Local\Programs\Python\Python310\;C:\Users\Pierre Cazeneuve\AppData\Local\Microsoft\WindowsApps;C:\Program Files\JetBrains\WebStorm 2021.3.2\bin;;C:\Program Files\JetBrains\IntelliJ IDEA 2021.3.2\bin;;C:\Program Files\JetBrains\PyCharm 2021.3.2\bin;;C:\Users\Pierre Cazeneuve\AppData\Roaming\npm;C:\Users\Pierre Cazeneuve\AppData\Roaming\nvm;C:\Program Files\nodejs;C:\Users\Pierre Cazeneuve\.dotnet\tools;C:\Program Files\Azure Data Studio\bin;C:\Program Files\OpenSSL-Win64\bin;C:\Program Files\JetBrains\DataGrip 2022.1\bin;;C:\Users\Pierre Cazeneuve\AppData\Local\Android\Sdk\platform-tools;C:\Gradle\gradle-7.4.2\bin;;C:\Users\Pierre Cazeneuve\Documents\ClutchApp\node_modules\.bin

Yarn version: 
  1.22.18

Node version: 
  16.14.0

Platform: 
  win32 x64

Trace: 
  Error: connect EACCES 104.16.26.35:443
      at TCPConnectWrap.afterConnect [as oncomplete] (node:net:1157:16)

npm manifest: 
  {
    "name": "clutchapp",
    "version": "1.0.0",
    "main": "node_modules/expo/AppEntry.js",
    "scripts": {
      "start": "expo start",
      "android": "expo start --android",
      "ios": "expo start --ios",
      "web": "expo start --web",
      "eject": "expo eject",
      "doc": "node docgen.js"
    },
    "dependencies": {
      "@react-navigation/native-stack": "^6.5.0",
      "expo": "~44.0.0",
      "expo-status-bar": "~1.2.0",
      "react": "17.0.1",
      "react-docgen-typescript": "^2.2.2",
      "react-dom": "17.0.1",
      "react-native": "0.64.3",
      "react-native-safe-area-context": "3.3.2",
      "react-native-screens": "~3.10.1",
      "expo-font": "~10.0.4",
      "expo-app-loading": "~1.3.0",
      "@expo-google-fonts/dev": "^0.2.2",
      "@expo-google-fonts/inter": "^0.2.2",
      "@react-native-community/datetimepicker": "4.0.0",
      "@react-navigation/bottom-tabs": "^6.2.0",
      "@react-navigation/native": "^6.0.8",
      "@reduxjs/toolkit": "^1.8.0",
      "@types/lodash": "^4.14.180",
      "axios": "^0.26.1",
      "date-fns": "^2.28.0",
      "lodash": "^4.17.21",
      "react-native-date-picker": "^4.2.0",
      "react-native-dotenv": "^3.3.1",
      "react-native-maps": "0.29.4",
      "react-native-web": "0.17.1",
      "react-redux": "^7.2.6",
      "styled-components": "^5.3.3",
      "expo-notifications": "~0.14.0"
    },
    "devDependencies": {
      "@babel/core": "^7.12.9",
      "@types/jest": "^27.4.0",
      "@types/react": "~17.0.21",
      "@types/react-native": "^0.64.23",
      "@types/react-test-renderer": "^17.0.1",
      "typescript": "~4.3.5"
    },
    "private": true
  }

yarn manifest: 
  No manifest

Lockfile: 
  No lockfile
